-- The C compiler identification is GNU 9.4.0
-- The CXX compiler identification is GNU 9.4.0
-- Check for working C compiler: /usr/bin/cc
-- Check for working C compiler: /usr/bin/cc -- works
-- Detecting C compiler ABI info
-- Detecting C compiler ABI info - done
-- Detecting C compile features
-- Detecting C compile features - done
-- Check for working CXX compiler: /usr/bin/c++
-- Check for working CXX compiler: /usr/bin/c++ -- works
-- Detecting CXX compiler ABI info
-- Detecting CXX compiler ABI info - done
-- Detecting CXX compile features
-- Detecting CXX compile features - done
-- Found ament_cmake: 0.9.11 (/opt/ros/foxy/share/ament_cmake/cmake)
-- Found PythonInterp: /usr/bin/python3 (found suitable version "3.8.10", minimum required is "3") 
-- Using PYTHON_EXECUTABLE: /usr/bin/python3
-- Found rclcpp: 2.4.2 (/opt/ros/foxy/share/rclcpp/cmake)
-- Using all available rosidl_typesupport_c: rosidl_typesupport_connext_c;rosidl_typesupport_fastrtps_c;rosidl_typesupport_introspection_c
-- Found rosidl_adapter: 1.3.0 (/opt/ros/foxy/share/rosidl_adapter/cmake)
-- Found RTI Connext: /opt/rti.com/rti_connext_dds-5.3.1
-- Found OpenSSL: /usr/lib/x86_64-linux-gnu/libcrypto.so (found version "1.1.1f")  
-- Found FastRTPS: /opt/ros/foxy/include  
-- Using all available rosidl_typesupport_cpp: rosidl_typesupport_connext_cpp;rosidl_typesupport_fastrtps_cpp;rosidl_typesupport_introspection_cpp
-- Found rmw_implementation_cmake: 1.0.3 (/opt/ros/foxy/share/rmw_implementation_cmake/cmake)
-- Using RMW implementation 'rmw_fastrtps_cpp' as default
-- Looking for pthread.h
-- Looking for pthread.h - found
-- Performing Test CMAKE_HAVE_LIBC_PTHREAD
-- Performing Test CMAKE_HAVE_LIBC_PTHREAD - Failed
-- Looking for pthread_create in pthreads
-- Looking for pthread_create in pthreads - not found
-- Looking for pthread_create in pthread
-- Looking for pthread_create in pthread - found
-- Found Threads: TRUE  
-- Found geometry_msgs: 2.0.5 (/opt/ros/foxy/share/geometry_msgs/cmake)
-- Found turtlesim: 1.2.6 (/opt/ros/foxy/share/turtlesim/cmake)
-- Found tf2: 0.13.13 (/opt/ros/foxy/share/tf2/cmake)
-- Found nav_msgs: 2.0.5 (/opt/ros/foxy/share/nav_msgs/cmake)
-- Found ament_lint_auto: 0.9.7 (/opt/ros/foxy/share/ament_lint_auto/cmake)
-- Added test 'copyright' to check source files copyright and LICENSE
-- Added test 'cppcheck' to perform static code analysis on C / C++ code
-- Configured cppcheck include dirs: 
-- Configured cppcheck exclude dirs and/or files: 
-- Added test 'cpplint' to check C / C++ code against the Google style
-- Configured cpplint exclude dirs and/or files: 
-- Added test 'lint_cmake' to check CMake code style
-- Added test 'uncrustify' to check C / C++ code style
-- Configured uncrustify additional arguments: 
-- Added test 'xmllint' to check XML markup files
-- Configuring done
-- Generating done
-- Build files have been written to: /root/CSE180/src/lab4/build/lab4
[35m[1mScanning dependencies of target drawsquarefb[0m
[ 50%] [32mBuilding CXX object CMakeFiles/drawsquarefb.dir/src/drawsquarefb.cpp.o[0m
[01m[K/root/CSE180/src/lab4/src/drawsquarefb.cpp:[m[K In function â€˜[01m[Kint main(int, char**)[m[Kâ€™:
[01m[K/root/CSE180/src/lab4/src/drawsquarefb.cpp:49:9:[m[K [01;31m[Kerror: [m[Kdeclaration of â€˜[01m[Kcoords[m[Kâ€™ as multidimensional array must have bounds for all dimensions except the first
   49 |  double [01;31m[Kcoords[m[K[][] = {[1, 0], [1, -1]};
      |         [01;31m[K^~~~~~[m[K
[01m[K/root/CSE180/src/lab4/src/drawsquarefb.cpp:49:24:[m[K [01;31m[Kerror: [m[Kexpected identifier before numeric constant
   49 |  double coords[][] = {[[01;31m[K1[m[K, 0], [1, -1]};
      |                        [01;31m[K^[m[K
[01m[K/root/CSE180/src/lab4/src/drawsquarefb.cpp:49:25:[m[K [01;31m[Kerror: [m[Kexpected â€˜[01m[K][m[Kâ€™ before â€˜[01m[K,[m[Kâ€™ token
   49 |  double coords[][] = {[1[01;31m[K,[m[K 0], [1, -1]};
      |                         [01;31m[K^[m[K
      |                         [32m[K][m[K
[01m[K/root/CSE180/src/lab4/src/drawsquarefb.cpp:[m[K In lambda function:
[01m[K/root/CSE180/src/lab4/src/drawsquarefb.cpp:49:25:[m[K [01;31m[Kerror: [m[Kexpected â€˜[01m[K{[m[Kâ€™ before â€˜[01m[K,[m[Kâ€™ token
[01m[K/root/CSE180/src/lab4/src/drawsquarefb.cpp:[m[K In function â€˜[01m[Kint main(int, char**)[m[Kâ€™:
[01m[K/root/CSE180/src/lab4/src/drawsquarefb.cpp:49:28:[m[K [01;31m[Kerror: [m[Kexpected â€˜[01m[K}[m[Kâ€™ before â€˜[01m[K][m[Kâ€™ token
   49 |  double coords[][] = [32m[K{[m[K[1, 0[01;31m[K][m[K, [1, -1]};
      |                      [32m[K~[m[K     [01;31m[K^[m[K
[01m[K/root/CSE180/src/lab4/src/drawsquarefb.cpp:46:9:[m[K [01;35m[Kwarning: [m[Kunused variable â€˜[01m[KDIRS[m[Kâ€™ [[01;35m[K-Wunused-variable[m[K]
   46 |  double [01;35m[KDIRS[m[K[] = {0,M_PI/2,M_PI,M_PI/2};
      |         [01;35m[K^~~~[m[K
[01m[K/root/CSE180/src/lab4/src/drawsquarefb.cpp:48:6:[m[K [01;35m[Kwarning: [m[Kunused variable â€˜[01m[KyawAt[m[Kâ€™ [[01;35m[K-Wunused-variable[m[K]
   48 |  int [01;35m[KyawAt[m[K = 1;
      |      [01;35m[K^~~~~[m[K
[01m[K/root/CSE180/src/lab4/src/drawsquarefb.cpp:[m[K At global scope:
[01m[K/root/CSE180/src/lab4/src/drawsquarefb.cpp:49:39:[m[K [01;35m[Kwarning: [m[Kextra â€˜[01m[K;[m[Kâ€™ [[01;35m[K-Wpedantic[m[K]
   49 |  double coords[][] = {[1, 0], [1, -1]}[01;35m[K;[m[K
      |                                       [01;35m[K^[m[K
[01m[K/root/CSE180/src/lab4/src/drawsquarefb.cpp:52:2:[m[K [01;31m[Kerror: [m[Kexpected unqualified-id before â€˜[01m[Kwhile[m[Kâ€™
   52 |  [01;31m[Kwhile[m[K (rclcpp::ok()) {
      |  [01;31m[K^~~~~[m[K
[01m[K/root/CSE180/src/lab4/src/drawsquarefb.cpp:75:1:[m[K [01;31m[Kerror: [m[Kexpected declaration before â€˜[01m[K}[m[Kâ€™ token
   75 | [01;31m[K}[m[K
      | [01;31m[K^[m[K
make[2]: *** [CMakeFiles/drawsquarefb.dir/build.make:63: CMakeFiles/drawsquarefb.dir/src/drawsquarefb.cpp.o] Error 1
make[1]: *** [CMakeFiles/Makefile2:78: CMakeFiles/drawsquarefb.dir/all] Error 2
make: *** [Makefile:141: all] Error 2
